{"level":"info","ts":"2024-07-10T16:27:14.850+0700","caller":"dove/main.go:175","msg":"[init-database] create database connection success","address":"127.0.0.1:33061","dbname":"TestDB"}
{"level":"info","ts":"2024-07-10T16:27:23.485+0700","caller":"dove/main.go:185","msg":"[init-services] process success"}
{"level":"info","ts":"2024-07-10T16:28:22.548+0700","caller":"dove/main.go:176","msg":"[init-database] create database connection success","address":"127.0.0.1:33061","dbname":"TestDB"}
{"level":"info","ts":"2024-07-10T16:28:22.549+0700","caller":"dove/main.go:186","msg":"[init-services] process success"}
{"level":"info","ts":"2024-07-10T16:29:28.657+0700","caller":"dove/main.go:176","msg":"[init-database] create database connection success","address":"127.0.0.1:33061","dbname":"TestDB"}
{"level":"info","ts":"2024-07-10T16:29:28.658+0700","caller":"dove/main.go:186","msg":"[init-services] process success"}
{"level":"info","ts":"2024-07-10T16:41:25.801+0700","caller":"dove/main.go:173","msg":"[init-database] create database connection success","address":"127.0.0.1:33061","dbname":"TestDB"}
{"level":"info","ts":"2024-07-10T16:41:25.802+0700","caller":"dove/main.go:183","msg":"[init-services] process success"}
{"level":"info","ts":"2024-07-10T16:53:26.313+0700","caller":"dove/main.go:173","msg":"[init-database] create database connection success","address":"127.0.0.1:33061","dbname":"TestDB"}
{"level":"info","ts":"2024-07-10T16:53:26.313+0700","caller":"dove/main.go:183","msg":"[init-services] process success"}
{"level":"info","ts":"2024-07-10T16:56:22.802+0700","caller":"dove/main.go:176","msg":"[init-database] create database connection success","address":"127.0.0.1:33061","dbname":"TestDB"}
{"level":"info","ts":"2024-07-10T16:56:22.802+0700","caller":"dove/main.go:186","msg":"[init-services] process success"}
{"level":"info","ts":"2024-07-10T16:56:22.802+0700","caller":"dove/main.go:97","msg":"[start service] start service","host":"localhost:3002"}
{"level":"info","ts":"2024-07-10T16:57:07.268+0700","caller":"dove/main.go:176","msg":"[init-database] create database connection success","address":"127.0.0.1:33061","dbname":"TestDB"}
{"level":"info","ts":"2024-07-10T16:57:07.268+0700","caller":"dove/main.go:186","msg":"[init-services] process success"}
{"level":"info","ts":"2024-07-10T16:57:07.268+0700","caller":"dove/main.go:97","msg":"[start service] start service","host":"localhost:3002"}
{"level":"info","ts":"2024-07-10T17:10:21.508+0700","caller":"dove/main.go:176","msg":"[init-database] create database connection success","address":"127.0.0.1:33061","dbname":"TestDB"}
{"level":"info","ts":"2024-07-10T17:10:21.509+0700","caller":"dove/main.go:186","msg":"[init-services] process success"}
{"level":"info","ts":"2024-07-10T17:10:21.510+0700","caller":"dove/main.go:97","msg":"[start service] start service","host":"localhost:3002"}
{"level":"info","ts":"2024-07-10T17:11:37.199+0700","caller":"dove/main.go:176","msg":"[init-database] create database connection success","address":"127.0.0.1:33061","dbname":"TestDB"}
{"level":"info","ts":"2024-07-10T17:11:37.199+0700","caller":"dove/main.go:186","msg":"[init-services] process success"}
{"level":"info","ts":"2024-07-10T17:11:37.199+0700","caller":"dove/main.go:97","msg":"[start service] start service","host":"localhost:3002"}
{"level":"info","ts":"2024-07-10T17:17:41.790+0700","caller":"dove/main.go:176","msg":"[init-database] create database connection success","address":"127.0.0.1:33061","dbname":"TestDB"}
{"level":"info","ts":"2024-07-10T17:17:41.791+0700","caller":"dove/main.go:186","msg":"[init-services] process success"}
{"level":"info","ts":"2024-07-10T17:17:41.791+0700","caller":"dove/main.go:97","msg":"[start service] start service","host":"localhost:3002"}
{"level":"error","ts":"2024-07-10T17:17:49.305+0700","caller":"account/login.go:27","msg":"[login] authen token failed","trace_id":"00000000000000000000000000000000","span_id":"0000000000000000"}
{"level":"error","ts":"2024-07-10T17:18:44.990+0700","caller":"account/login.go:27","msg":"[login] authen token failed","trace_id":"00000000000000000000000000000000","span_id":"0000000000000000"}
{"level":"info","ts":"2024-07-10T17:27:11.569+0700","caller":"dove/main.go:176","msg":"[init-database] create database connection success","address":"127.0.0.1:33061","dbname":"TestDB"}
{"level":"info","ts":"2024-07-10T17:27:11.571+0700","caller":"dove/main.go:186","msg":"[init-services] process success"}
{"level":"info","ts":"2024-07-10T17:27:11.571+0700","caller":"dove/main.go:97","msg":"[start service] start service","host":"localhost:3002"}
{"level":"info","ts":"2024-07-10T17:27:23.055+0700","caller":"account/login.go:35","msg":"[login] process success","trace_id":"00000000000000000000000000000000","span_id":"0000000000000000","user_id":1}
{"level":"info","ts":"2024-07-10T17:28:03.671+0700","caller":"account/me.go:24","msg":"[me] process success","trace_id":"00000000000000000000000000000000","span_id":"0000000000000000","user_id":1}
{"level":"debug","ts":"2024-07-10T17:29:29.224+0700","caller":"account/self_update.go:18","msg":"[self-update-profile] start process","trace_id":"00000000000000000000000000000000","span_id":"0000000000000000","user_id":1}
{"level":"info","ts":"2024-07-10T17:29:54.965+0700","caller":"account/self_update.go:46","msg":"[self-update-profile] process success","trace_id":"00000000000000000000000000000000","span_id":"0000000000000000","user_id":1}
{"level":"info","ts":"2024-07-10T17:32:34.321+0700","caller":"dove/main.go:176","msg":"[init-database] create database connection success","address":"127.0.0.1:33061","dbname":"TestDB"}
{"level":"info","ts":"2024-07-10T17:32:34.322+0700","caller":"dove/main.go:186","msg":"[init-services] process success"}
{"level":"info","ts":"2024-07-10T17:32:34.322+0700","caller":"dove/main.go:97","msg":"[start service] start service","host":"localhost:3002"}
{"level":"debug","ts":"2024-07-10T17:34:32.625+0700","caller":"category/create.go:18","msg":"[create-category] start process","trace_id":"00000000000000000000000000000000","span_id":"0000000000000000","user_id":1}
{"level":"info","ts":"2024-07-10T17:35:08.291+0700","caller":"category/create.go:40","msg":"[create-category] process success","trace_id":"00000000000000000000000000000000","span_id":"0000000000000000","user_id":1,"uuid":"0892eb3e-381a-4401-9498-3992c18f0256"}
{"level":"info","ts":"2024-07-10T17:40:44.307+0700","caller":"dove/main.go:176","msg":"[init-database] create database connection success","address":"127.0.0.1:33061","dbname":"TestDB"}
{"level":"info","ts":"2024-07-10T17:40:44.307+0700","caller":"dove/main.go:186","msg":"[init-services] process success"}
{"level":"info","ts":"2024-07-10T17:40:44.307+0700","caller":"dove/main.go:97","msg":"[start service] start service","host":"localhost:3002"}
{"level":"debug","ts":"2024-07-10T17:40:57.586+0700","caller":"category/create.go:20","msg":"[create-category] start process","trace_id":"00000000000000000000000000000000","span_id":"0000000000000000","user_id":1}
{"level":"debug","ts":"2024-07-10T17:41:04.222+0700","caller":"category/create.go:33","msg":"[update-category] category name is exist","trace_id":"00000000000000000000000000000000","span_id":"0000000000000000","user_id":1,"uuid":"0892eb3e-381a-4401-9498-3992c18f0256"}
{"level":"debug","ts":"2024-07-10T17:41:41.232+0700","caller":"category/create.go:20","msg":"[create-category] start process","trace_id":"00000000000000000000000000000000","span_id":"0000000000000000","user_id":1}
{"level":"info","ts":"2024-07-10T17:41:55.246+0700","caller":"category/create.go:61","msg":"[create-category] process success","trace_id":"00000000000000000000000000000000","span_id":"0000000000000000","user_id":1,"uuid":"b08bbdef-551a-4e04-b78e-45aa4d4458ba"}
{"level":"debug","ts":"2024-07-10T17:42:16.611+0700","caller":"category/read.go:17","msg":"[read-category] start process","trace_id":"00000000000000000000000000000000","span_id":"0000000000000000","user_id":1}
{"level":"info","ts":"2024-07-10T17:42:16.619+0700","caller":"category/read.go:27","msg":"[read-category] process success","trace_id":"00000000000000000000000000000000","span_id":"0000000000000000","user_id":1,"resp":{"ID":2,"UUID":"b08bbdef-551a-4e04-b78e-45aa4d4458ba","Code":"Cat002","FullName":"Trang phục","Products":[],"CreatedBy":1,"Creator":null,"CreatedAt":"2024-07-10T10:41:51.6Z","UpdatedBy":0,"Updater":null,"UpdatedAt":"2024-07-10T10:41:51.6Z","DeletedAt":null}}
{"level":"debug","ts":"2024-07-10T17:42:33.881+0700","caller":"category/read.go:17","msg":"[read-category] start process","trace_id":"00000000000000000000000000000000","span_id":"0000000000000000","user_id":1}
{"level":"info","ts":"2024-07-10T17:42:55.205+0700","caller":"category/read.go:27","msg":"[read-category] process success","trace_id":"00000000000000000000000000000000","span_id":"0000000000000000","user_id":1,"resp":{"ID":2,"UUID":"b08bbdef-551a-4e04-b78e-45aa4d4458ba","Code":"Cat002","FullName":"Trang phục","Products":[],"CreatedBy":1,"Creator":null,"CreatedAt":"2024-07-10T10:41:51.6Z","UpdatedBy":0,"Updater":null,"UpdatedAt":"2024-07-10T10:41:51.6Z","DeletedAt":null}}
{"level":"debug","ts":"2024-07-10T17:43:15.767+0700","caller":"category/list.go:19","msg":"[list-category] start process","trace_id":"00000000000000000000000000000000","span_id":"0000000000000000","user_id":1}
{"level":"info","ts":"2024-07-10T17:43:15.773+0700","caller":"category/list.go:41","msg":"[list-category] process success","trace_id":"00000000000000000000000000000000","span_id":"0000000000000000","user_id":1,"resp":{"data":[{"uuid":"0892eb3e-381a-4401-9498-3992c18f0256","fullname":"Mỹ phẩm","code":"Cat001"},{"uuid":"b08bbdef-551a-4e04-b78e-45aa4d4458ba","fullname":"Trang phục","code":"Cat002"}]}}
{"level":"debug","ts":"2024-07-10T17:43:34.898+0700","caller":"category/list.go:19","msg":"[list-category] start process","trace_id":"00000000000000000000000000000000","span_id":"0000000000000000","user_id":1}
{"level":"info","ts":"2024-07-10T17:44:00.897+0700","caller":"category/list.go:41","msg":"[list-category] process success","trace_id":"00000000000000000000000000000000","span_id":"0000000000000000","user_id":1,"resp":{"data":[{"uuid":"0892eb3e-381a-4401-9498-3992c18f0256","fullname":"Mỹ phẩm","code":"Cat001"},{"uuid":"b08bbdef-551a-4e04-b78e-45aa4d4458ba","fullname":"Trang phục","code":"Cat002"}]}}
{"level":"debug","ts":"2024-07-10T17:44:55.749+0700","caller":"category/update.go:19","msg":"[update-category] start process","trace_id":"00000000000000000000000000000000","span_id":"0000000000000000","user_id":1}
{"level":"info","ts":"2024-07-10T17:44:55.763+0700","caller":"category/update.go:65","msg":"[update-category] process success","trace_id":"00000000000000000000000000000000","span_id":"0000000000000000","user_id":1,"id":2}
{"level":"debug","ts":"2024-07-10T17:45:02.359+0700","caller":"category/list.go:19","msg":"[list-category] start process","trace_id":"00000000000000000000000000000000","span_id":"0000000000000000","user_id":1}
{"level":"info","ts":"2024-07-10T17:45:02.366+0700","caller":"category/list.go:41","msg":"[list-category] process success","trace_id":"00000000000000000000000000000000","span_id":"0000000000000000","user_id":1,"resp":{"data":[{"uuid":"0892eb3e-381a-4401-9498-3992c18f0256","fullname":"Mỹ phẩm","code":"Cat001"},{"uuid":"b08bbdef-551a-4e04-b78e-45aa4d4458ba","fullname":"Bàn ghế","code":"Cat003"}]}}
{"level":"debug","ts":"2024-07-10T17:45:14.575+0700","caller":"category/update.go:19","msg":"[update-category] start process","trace_id":"00000000000000000000000000000000","span_id":"0000000000000000","user_id":1}
{"level":"info","ts":"2024-07-10T17:45:34.265+0700","caller":"category/update.go:65","msg":"[update-category] process success","trace_id":"00000000000000000000000000000000","span_id":"0000000000000000","user_id":1,"id":2}
{"level":"info","ts":"2024-07-10T17:52:38.055+0700","caller":"dove/main.go:176","msg":"[init-database] create database connection success","address":"127.0.0.1:33061","dbname":"TestDB"}
{"level":"info","ts":"2024-07-10T17:52:38.055+0700","caller":"dove/main.go:186","msg":"[init-services] process success"}
{"level":"info","ts":"2024-07-10T17:52:38.055+0700","caller":"dove/main.go:97","msg":"[start service] start service","host":"localhost:3002"}
{"level":"debug","ts":"2024-07-10T17:53:10.716+0700","caller":"product/create.go:21","msg":"[create-product] start process","trace_id":"00000000000000000000000000000000","span_id":"0000000000000000","user_id":1}
{"level":"info","ts":"2024-07-10T17:53:48.193+0700","caller":"product/create.go:55","msg":"[create-district] process success","trace_id":"00000000000000000000000000000000","span_id":"0000000000000000","user_id":1,"uuid":"bc8241ba-4614-45c7-833f-7ba75ae2df30"}
{"level":"info","ts":"2024-07-10T17:54:22.972+0700","caller":"dove/main.go:176","msg":"[init-database] create database connection success","address":"127.0.0.1:33061","dbname":"TestDB"}
{"level":"info","ts":"2024-07-10T17:54:22.972+0700","caller":"dove/main.go:186","msg":"[init-services] process success"}
{"level":"info","ts":"2024-07-10T17:54:22.973+0700","caller":"dove/main.go:97","msg":"[start service] start service","host":"localhost:3002"}
{"level":"debug","ts":"2024-07-10T17:55:01.543+0700","caller":"product/create.go:21","msg":"[create-product] start process","trace_id":"00000000000000000000000000000000","span_id":"0000000000000000","user_id":1}
{"level":"info","ts":"2024-07-10T17:55:04.058+0700","caller":"product/create.go:55","msg":"[create-product] process success","trace_id":"00000000000000000000000000000000","span_id":"0000000000000000","user_id":1,"uuid":"cfb44e2a-b84e-49ac-bba9-3e01f6fdc997"}
{"level":"debug","ts":"2024-07-10T17:56:18.312+0700","caller":"product/read.go:17","msg":"[read-product] start process","trace_id":"00000000000000000000000000000000","span_id":"0000000000000000","user_id":1}
{"level":"info","ts":"2024-07-10T17:56:24.496+0700","caller":"product/read.go:27","msg":"[read-product] process success","trace_id":"00000000000000000000000000000000","span_id":"0000000000000000","user_id":1,"resp":{"ID":2,"UUID":"cfb44e2a-b84e-49ac-bba9-3e01f6fdc997","Code":"Product002","FullName":"Ghế nhựa Thuận Thành","CategoryID":2,"Category":{"ID":2,"UUID":"b08bbdef-551a-4e04-b78e-45aa4d4458ba","Code":"Cat003","FullName":"Bàn ghế","Products":null,"CreatedBy":1,"Creator":null,"CreatedAt":"2024-07-10T10:41:51.6Z","UpdatedBy":1,"Updater":null,"UpdatedAt":"2024-07-10T10:45:33.045Z","DeletedAt":null},"CreatedBy":1,"Creator":null,"CreatedAt":"2024-07-10T10:55:01.551Z","UpdatedBy":0,"Updater":null,"UpdatedAt":"2024-07-10T10:55:01.551Z","DeletedAt":null}}
{"level":"debug","ts":"2024-07-10T17:56:49.287+0700","caller":"product/list.go:19","msg":"[list-product] start process","trace_id":"00000000000000000000000000000000","span_id":"0000000000000000","user_id":1}
{"level":"info","ts":"2024-07-10T17:57:15.592+0700","caller":"product/list.go:49","msg":"[list-product] process success","trace_id":"00000000000000000000000000000000","span_id":"0000000000000000","user_id":1,"resp":{"data":[{"uuid":"bc8241ba-4614-45c7-833f-7ba75ae2df30","fullname":"Ghế inox Hoà Phát","code":"Product001"},{"uuid":"cfb44e2a-b84e-49ac-bba9-3e01f6fdc997","fullname":"Ghế nhựa Thuận Thành","code":"Product002"}]}}
{"level":"debug","ts":"2024-07-10T17:58:24.304+0700","caller":"product/update.go:17","msg":"[update-product] start process","trace_id":"00000000000000000000000000000000","span_id":"0000000000000000","user_id":1}
{"level":"info","ts":"2024-07-10T17:58:24.315+0700","caller":"product/update.go:46","msg":"[update-product] process success","trace_id":"00000000000000000000000000000000","span_id":"0000000000000000","user_id":1,"id":2}
{"level":"debug","ts":"2024-07-10T17:59:04.866+0700","caller":"product/update.go:17","msg":"[update-product] start process","trace_id":"00000000000000000000000000000000","span_id":"0000000000000000","user_id":1}
{"level":"info","ts":"2024-07-10T17:59:20.642+0700","caller":"product/update.go:46","msg":"[update-product] process success","trace_id":"00000000000000000000000000000000","span_id":"0000000000000000","user_id":1,"id":2}
{"level":"debug","ts":"2024-07-10T17:59:41.595+0700","caller":"product/list.go:19","msg":"[list-product] start process","trace_id":"00000000000000000000000000000000","span_id":"0000000000000000","user_id":1}
{"level":"info","ts":"2024-07-10T17:59:41.606+0700","caller":"product/list.go:49","msg":"[list-product] process success","trace_id":"00000000000000000000000000000000","span_id":"0000000000000000","user_id":1,"resp":{"data":[{"uuid":"bc8241ba-4614-45c7-833f-7ba75ae2df30","fullname":"Ghế inox Hoà Phát","code":"Product001"},{"uuid":"cfb44e2a-b84e-49ac-bba9-3e01f6fdc997","fullname":"Bàn gỗ Minh Châu","code":"Product002"}]}}
